{"C:\\Users\\tunii\\Desktop\\js_test_with_cicd\\capitalize.js": {"path":"C:\\Users\\tunii\\Desktop\\js_test_with_cicd\\capitalize.js","statementMap":{"0":{"start":{"line":17,"column":19},"end":{"line":17,"column":73}},"1":{"start":{"line":17,"column":31},"end":{"line":17,"column":73}}},"fnMap":{"0":{"name":"(anonymous_0)","decl":{"start":{"line":17,"column":19},"end":{"line":17,"column":20}},"loc":{"start":{"line":17,"column":31},"end":{"line":17,"column":73}},"line":17}},"branchMap":{},"s":{"0":1,"1":11},"f":{"0":11},"b":{},"_coverageSchema":"1a1c01bbd47fc00a2c39e90264f33305004495a9","hash":"938821d57d38f40bf9b5f1605cf3bccd3adcf88f"}
,"C:\\Users\\tunii\\Desktop\\js_test_with_cicd\\castArray.js": {"path":"C:\\Users\\tunii\\Desktop\\js_test_with_cicd\\castArray.js","statementMap":{"0":{"start":{"line":34,"column":16},"end":{"line":34,"column":23}},"1":{"start":{"line":35,"column":2},"end":{"line":35,"column":47}}},"fnMap":{"0":{"name":"castArray","decl":{"start":{"line":33,"column":9},"end":{"line":33,"column":18}},"loc":{"start":{"line":33,"column":28},"end":{"line":36,"column":1}},"line":33}},"branchMap":{"0":{"loc":{"start":{"line":35,"column":9},"end":{"line":35,"column":47}},"type":"cond-expr","locations":[{"start":{"line":35,"column":32},"end":{"line":35,"column":37}},{"start":{"line":35,"column":40},"end":{"line":35,"column":47}}],"line":35}},"s":{"0":7,"1":7},"f":{"0":7},"b":{"0":[1,6]},"_coverageSchema":"1a1c01bbd47fc00a2c39e90264f33305004495a9","hash":"4f0a8bba7a7b5c242921b7dc95031f87f4c33021"}
,"C:\\Users\\tunii\\Desktop\\js_test_with_cicd\\compact.js": {"path":"C:\\Users\\tunii\\Desktop\\js_test_with_cicd\\compact.js","statementMap":{"0":{"start":{"line":15,"column":17},"end":{"line":15,"column":18}},"1":{"start":{"line":16,"column":17},"end":{"line":16,"column":19}},"2":{"start":{"line":18,"column":2},"end":{"line":22,"column":3}},"3":{"start":{"line":19,"column":4},"end":{"line":21,"column":5}},"4":{"start":{"line":20,"column":6},"end":{"line":20,"column":32}},"5":{"start":{"line":23,"column":2},"end":{"line":23,"column":15}}},"fnMap":{"0":{"name":"compact","decl":{"start":{"line":14,"column":9},"end":{"line":14,"column":16}},"loc":{"start":{"line":14,"column":24},"end":{"line":24,"column":1}},"line":14}},"branchMap":{"0":{"loc":{"start":{"line":19,"column":4},"end":{"line":21,"column":5}},"type":"if","locations":[{"start":{"line":19,"column":4},"end":{"line":21,"column":5}},{"start":{},"end":{}}],"line":19}},"s":{"0":1,"1":1,"2":1,"3":6,"4":3,"5":1},"f":{"0":1},"b":{"0":[3,3]},"_coverageSchema":"1a1c01bbd47fc00a2c39e90264f33305004495a9","hash":"688bbe689d4b044084f539d6dfb6db2a4a4c5c18"}
,"C:\\Users\\tunii\\Desktop\\js_test_with_cicd\\countBy.js": {"path":"C:\\Users\\tunii\\Desktop\\js_test_with_cicd\\countBy.js","statementMap":{"0":{"start":{"line":5,"column":23},"end":{"line":5,"column":54}},"1":{"start":{"line":30,"column":2},"end":{"line":38,"column":8}},"2":{"start":{"line":31,"column":4},"end":{"line":31,"column":25}},"3":{"start":{"line":32,"column":4},"end":{"line":36,"column":5}},"4":{"start":{"line":33,"column":6},"end":{"line":33,"column":19}},"5":{"start":{"line":35,"column":6},"end":{"line":35,"column":37}},"6":{"start":{"line":37,"column":4},"end":{"line":37,"column":17}}},"fnMap":{"0":{"name":"countBy","decl":{"start":{"line":29,"column":9},"end":{"line":29,"column":16}},"loc":{"start":{"line":29,"column":39},"end":{"line":39,"column":1}},"line":29},"1":{"name":"(anonymous_1)","decl":{"start":{"line":30,"column":28},"end":{"line":30,"column":29}},"loc":{"start":{"line":30,"column":52},"end":{"line":38,"column":3}},"line":30}},"branchMap":{"0":{"loc":{"start":{"line":32,"column":4},"end":{"line":36,"column":5}},"type":"if","locations":[{"start":{"line":32,"column":4},"end":{"line":36,"column":5}},{"start":{"line":34,"column":11},"end":{"line":36,"column":5}}],"line":32}},"s":{"0":1,"1":2,"2":6,"3":6,"4":2,"5":4,"6":6},"f":{"0":2,"1":6},"b":{"0":[2,4]},"_coverageSchema":"1a1c01bbd47fc00a2c39e90264f33305004495a9","hash":"16a4b6893a307aebb0e1dea5a9f55fff72c3b2de"}
,"C:\\Users\\tunii\\Desktop\\js_test_with_cicd\\filter.js": {"path":"C:\\Users\\tunii\\Desktop\\js_test_with_cicd\\filter.js","statementMap":{"0":{"start":{"line":25,"column":14},"end":{"line":25,"column":16}},"1":{"start":{"line":26,"column":17},"end":{"line":26,"column":18}},"2":{"start":{"line":27,"column":17},"end":{"line":27,"column":49}},"3":{"start":{"line":28,"column":17},"end":{"line":28,"column":21}},"4":{"start":{"line":30,"column":2},"end":{"line":35,"column":3}},"5":{"start":{"line":31,"column":18},"end":{"line":31,"column":30}},"6":{"start":{"line":32,"column":4},"end":{"line":34,"column":5}},"7":{"start":{"line":33,"column":6},"end":{"line":33,"column":32}},"8":{"start":{"line":36,"column":2},"end":{"line":36,"column":15}}},"fnMap":{"0":{"name":"filter","decl":{"start":{"line":24,"column":9},"end":{"line":24,"column":15}},"loc":{"start":{"line":24,"column":34},"end":{"line":37,"column":1}},"line":24}},"branchMap":{"0":{"loc":{"start":{"line":27,"column":17},"end":{"line":27,"column":49}},"type":"cond-expr","locations":[{"start":{"line":27,"column":33},"end":{"line":27,"column":34}},{"start":{"line":27,"column":37},"end":{"line":27,"column":49}}],"line":27},"1":{"loc":{"start":{"line":32,"column":4},"end":{"line":34,"column":5}},"type":"if","locations":[{"start":{"line":32,"column":4},"end":{"line":34,"column":5}},{"start":{},"end":{}}],"line":32}},"s":{"0":7,"1":7,"2":7,"3":7,"4":7,"5":22,"6":22,"7":5,"8":7},"f":{"0":7},"b":{"0":[0,7],"1":[5,17]},"_coverageSchema":"1a1c01bbd47fc00a2c39e90264f33305004495a9","hash":"4e3448b044ff34ee688e72577514112a74d1ce33"}
,"C:\\Users\\tunii\\Desktop\\js_test_with_cicd\\isArguments.js": {"path":"C:\\Users\\tunii\\Desktop\\js_test_with_cicd\\isArguments.js","statementMap":{"0":{"start":{"line":20,"column":2},"end":{"line":20,"column":69}}},"fnMap":{"0":{"name":"isArguments","decl":{"start":{"line":19,"column":9},"end":{"line":19,"column":20}},"loc":{"start":{"line":19,"column":28},"end":{"line":21,"column":1}},"line":19}},"branchMap":{"0":{"loc":{"start":{"line":20,"column":9},"end":{"line":20,"column":69}},"type":"binary-expr","locations":[{"start":{"line":20,"column":9},"end":{"line":20,"column":28}},{"start":{"line":20,"column":32},"end":{"line":20,"column":69}}],"line":20}},"s":{"0":0},"f":{"0":0},"b":{"0":[0,0]},"_coverageSchema":"1a1c01bbd47fc00a2c39e90264f33305004495a9","hash":"f3440788acd75716dd3d7a78e04ba77a9ace457a"}
,"C:\\Users\\tunii\\Desktop\\js_test_with_cicd\\isArrayLike.js": {"path":"C:\\Users\\tunii\\Desktop\\js_test_with_cicd\\isArrayLike.js","statementMap":{"0":{"start":{"line":27,"column":2},"end":{"line":27,"column":79}}},"fnMap":{"0":{"name":"isArrayLike","decl":{"start":{"line":26,"column":9},"end":{"line":26,"column":20}},"loc":{"start":{"line":26,"column":28},"end":{"line":28,"column":1}},"line":26}},"branchMap":{"0":{"loc":{"start":{"line":27,"column":9},"end":{"line":27,"column":79}},"type":"binary-expr","locations":[{"start":{"line":27,"column":9},"end":{"line":27,"column":22}},{"start":{"line":27,"column":26},"end":{"line":27,"column":53}},{"start":{"line":27,"column":57},"end":{"line":27,"column":79}}],"line":27}},"s":{"0":14},"f":{"0":14},"b":{"0":[14,13,12]},"_coverageSchema":"1a1c01bbd47fc00a2c39e90264f33305004495a9","hash":"8e512bbb9c080221968cc00adbcc3809adf41aec"}
,"C:\\Users\\tunii\\Desktop\\js_test_with_cicd\\isBoolean.js": {"path":"C:\\Users\\tunii\\Desktop\\js_test_with_cicd\\isBoolean.js","statementMap":{"0":{"start":{"line":20,"column":2},"end":{"line":21,"column":64}}},"fnMap":{"0":{"name":"isBoolean","decl":{"start":{"line":19,"column":9},"end":{"line":19,"column":18}},"loc":{"start":{"line":19,"column":26},"end":{"line":22,"column":1}},"line":19}},"branchMap":{"0":{"loc":{"start":{"line":20,"column":9},"end":{"line":21,"column":64}},"type":"binary-expr","locations":[{"start":{"line":20,"column":9},"end":{"line":20,"column":23}},{"start":{"line":20,"column":27},"end":{"line":20,"column":42}},{"start":{"line":21,"column":5},"end":{"line":21,"column":24}},{"start":{"line":21,"column":28},"end":{"line":21,"column":63}}],"line":20}},"s":{"0":10},"f":{"0":10},"b":{"0":[10,9,5,1]},"_coverageSchema":"1a1c01bbd47fc00a2c39e90264f33305004495a9","hash":"11a7183b0183213c3106cc48e1b58b3e750d7211"}
,"C:\\Users\\tunii\\Desktop\\js_test_with_cicd\\isBuffer.js": {"path":"C:\\Users\\tunii\\Desktop\\js_test_with_cicd\\isBuffer.js","statementMap":{"0":{"start":{"line":4,"column":20},"end":{"line":4,"column":99}},"1":{"start":{"line":7,"column":19},"end":{"line":7,"column":109}},"2":{"start":{"line":10,"column":22},"end":{"line":10,"column":70}},"3":{"start":{"line":13,"column":15},"end":{"line":13,"column":54}},"4":{"start":{"line":16,"column":23},"end":{"line":16,"column":59}},"5":{"start":{"line":33,"column":17},"end":{"line":33,"column":48}},"6":{"start":{"line":33,"column":42},"end":{"line":33,"column":47}}},"fnMap":{"0":{"name":"(anonymous_0)","decl":{"start":{"line":33,"column":36},"end":{"line":33,"column":37}},"loc":{"start":{"line":33,"column":42},"end":{"line":33,"column":47}},"line":33}},"branchMap":{"0":{"loc":{"start":{"line":4,"column":20},"end":{"line":4,"column":99}},"type":"binary-expr","locations":[{"start":{"line":4,"column":20},"end":{"line":4,"column":47}},{"start":{"line":4,"column":51},"end":{"line":4,"column":67}},{"start":{"line":4,"column":71},"end":{"line":4,"column":88}},{"start":{"line":4,"column":92},"end":{"line":4,"column":99}}],"line":4},"1":{"loc":{"start":{"line":7,"column":19},"end":{"line":7,"column":109}},"type":"binary-expr","locations":[{"start":{"line":7,"column":19},"end":{"line":7,"column":30}},{"start":{"line":7,"column":34},"end":{"line":7,"column":60}},{"start":{"line":7,"column":64},"end":{"line":7,"column":79}},{"start":{"line":7,"column":83},"end":{"line":7,"column":99}},{"start":{"line":7,"column":103},"end":{"line":7,"column":109}}],"line":7},"2":{"loc":{"start":{"line":10,"column":22},"end":{"line":10,"column":70}},"type":"binary-expr","locations":[{"start":{"line":10,"column":22},"end":{"line":10,"column":32}},{"start":{"line":10,"column":36},"end":{"line":10,"column":70}}],"line":10},"3":{"loc":{"start":{"line":13,"column":15},"end":{"line":13,"column":54}},"type":"cond-expr","locations":[{"start":{"line":13,"column":31},"end":{"line":13,"column":42}},{"start":{"line":13,"column":45},"end":{"line":13,"column":54}}],"line":13},"4":{"loc":{"start":{"line":16,"column":23},"end":{"line":16,"column":59}},"type":"cond-expr","locations":[{"start":{"line":16,"column":32},"end":{"line":16,"column":47}},{"start":{"line":16,"column":50},"end":{"line":16,"column":59}}],"line":16},"5":{"loc":{"start":{"line":33,"column":17},"end":{"line":33,"column":48}},"type":"binary-expr","locations":[{"start":{"line":33,"column":17},"end":{"line":33,"column":31}},{"start":{"line":33,"column":36},"end":{"line":33,"column":47}}],"line":33}},"s":{"0":2,"1":2,"2":2,"3":2,"4":2,"5":2,"6":0},"f":{"0":0},"b":{"0":[2,2,2,2],"1":[2,2,2,2,2],"2":[2,2],"3":[2,0],"4":[2,0],"5":[2,0]},"_coverageSchema":"1a1c01bbd47fc00a2c39e90264f33305004495a9","hash":"a78cf798db7d6288891c899ba405023079e3abbc"}
,"C:\\Users\\tunii\\Desktop\\js_test_with_cicd\\isEmpty.js": {"path":"C:\\Users\\tunii\\Desktop\\js_test_with_cicd\\isEmpty.js","statementMap":{"0":{"start":{"line":9,"column":23},"end":{"line":9,"column":54}},"1":{"start":{"line":46,"column":2},"end":{"line":48,"column":3}},"2":{"start":{"line":47,"column":4},"end":{"line":47,"column":15}},"3":{"start":{"line":49,"column":2},"end":{"line":53,"column":3}},"4":{"start":{"line":52,"column":4},"end":{"line":52,"column":24}},"5":{"start":{"line":54,"column":14},"end":{"line":54,"column":27}},"6":{"start":{"line":55,"column":2},"end":{"line":57,"column":3}},"7":{"start":{"line":56,"column":4},"end":{"line":56,"column":22}},"8":{"start":{"line":58,"column":2},"end":{"line":60,"column":3}},"9":{"start":{"line":59,"column":4},"end":{"line":59,"column":37}},"10":{"start":{"line":61,"column":2},"end":{"line":65,"column":3}},"11":{"start":{"line":62,"column":4},"end":{"line":64,"column":5}},"12":{"start":{"line":63,"column":6},"end":{"line":63,"column":18}},"13":{"start":{"line":66,"column":2},"end":{"line":66,"column":13}}},"fnMap":{"0":{"name":"isEmpty","decl":{"start":{"line":45,"column":9},"end":{"line":45,"column":16}},"loc":{"start":{"line":45,"column":24},"end":{"line":67,"column":1}},"line":45}},"branchMap":{"0":{"loc":{"start":{"line":46,"column":2},"end":{"line":48,"column":3}},"type":"if","locations":[{"start":{"line":46,"column":2},"end":{"line":48,"column":3}},{"start":{},"end":{}}],"line":46},"1":{"loc":{"start":{"line":49,"column":2},"end":{"line":53,"column":3}},"type":"if","locations":[{"start":{"line":49,"column":2},"end":{"line":53,"column":3}},{"start":{},"end":{}}],"line":49},"2":{"loc":{"start":{"line":49,"column":6},"end":{"line":51,"column":69}},"type":"binary-expr","locations":[{"start":{"line":49,"column":6},"end":{"line":49,"column":24}},{"start":{"line":50,"column":7},"end":{"line":50,"column":27}},{"start":{"line":50,"column":31},"end":{"line":50,"column":56}},{"start":{"line":50,"column":60},"end":{"line":50,"column":94}},{"start":{"line":51,"column":8},"end":{"line":51,"column":23}},{"start":{"line":51,"column":27},"end":{"line":51,"column":46}},{"start":{"line":51,"column":50},"end":{"line":51,"column":68}}],"line":49},"3":{"loc":{"start":{"line":55,"column":2},"end":{"line":57,"column":3}},"type":"if","locations":[{"start":{"line":55,"column":2},"end":{"line":57,"column":3}},{"start":{},"end":{}}],"line":55},"4":{"loc":{"start":{"line":55,"column":6},"end":{"line":55,"column":52}},"type":"binary-expr","locations":[{"start":{"line":55,"column":6},"end":{"line":55,"column":27}},{"start":{"line":55,"column":31},"end":{"line":55,"column":52}}],"line":55},"5":{"loc":{"start":{"line":58,"column":2},"end":{"line":60,"column":3}},"type":"if","locations":[{"start":{"line":58,"column":2},"end":{"line":60,"column":3}},{"start":{},"end":{}}],"line":58},"6":{"loc":{"start":{"line":62,"column":4},"end":{"line":64,"column":5}},"type":"if","locations":[{"start":{"line":62,"column":4},"end":{"line":64,"column":5}},{"start":{},"end":{}}],"line":62}},"s":{"0":1,"1":12,"2":2,"3":10,"4":8,"5":2,"6":2,"7":0,"8":2,"9":0,"10":2,"11":0,"12":0,"13":2},"f":{"0":12},"b":{"0":[2,10],"1":[8,2],"2":[10,8,3,0,0,0,0],"3":[0,2],"4":[2,2],"5":[0,2],"6":[0,0]},"_coverageSchema":"1a1c01bbd47fc00a2c39e90264f33305004495a9","hash":"cabbc3cf3c97891368e55a4abd993e64828434d8"}
,"C:\\Users\\tunii\\Desktop\\js_test_with_cicd\\isLength.js": {"path":"C:\\Users\\tunii\\Desktop\\js_test_with_cicd\\isLength.js","statementMap":{"0":{"start":{"line":2,"column":25},"end":{"line":2,"column":41}},"1":{"start":{"line":29,"column":2},"end":{"line":30,"column":61}}},"fnMap":{"0":{"name":"isLength","decl":{"start":{"line":28,"column":9},"end":{"line":28,"column":17}},"loc":{"start":{"line":28,"column":25},"end":{"line":31,"column":1}},"line":28}},"branchMap":{"0":{"loc":{"start":{"line":29,"column":9},"end":{"line":30,"column":61}},"type":"binary-expr","locations":[{"start":{"line":29,"column":9},"end":{"line":29,"column":34}},{"start":{"line":30,"column":4},"end":{"line":30,"column":14}},{"start":{"line":30,"column":18},"end":{"line":30,"column":32}},{"start":{"line":30,"column":36},"end":{"line":30,"column":61}}],"line":29}},"s":{"0":3,"1":12},"f":{"0":12},"b":{"0":[12,10,10,10]},"_coverageSchema":"1a1c01bbd47fc00a2c39e90264f33305004495a9","hash":"48937b9a5e7fa7606c5a71848dee1735da6416ca"}
,"C:\\Users\\tunii\\Desktop\\js_test_with_cicd\\isObject.js": {"path":"C:\\Users\\tunii\\Desktop\\js_test_with_cicd\\isObject.js","statementMap":{"0":{"start":{"line":25,"column":15},"end":{"line":25,"column":27}},"1":{"start":{"line":26,"column":2},"end":{"line":26,"column":68}}},"fnMap":{"0":{"name":"isObject","decl":{"start":{"line":24,"column":9},"end":{"line":24,"column":17}},"loc":{"start":{"line":24,"column":25},"end":{"line":27,"column":1}},"line":24}},"branchMap":{"0":{"loc":{"start":{"line":26,"column":9},"end":{"line":26,"column":68}},"type":"binary-expr","locations":[{"start":{"line":26,"column":9},"end":{"line":26,"column":22}},{"start":{"line":26,"column":27},"end":{"line":26,"column":44}},{"start":{"line":26,"column":48},"end":{"line":26,"column":67}}],"line":26}},"s":{"0":8,"1":8},"f":{"0":8},"b":{"0":[8,8,8]},"_coverageSchema":"1a1c01bbd47fc00a2c39e90264f33305004495a9","hash":"5c35c2f9548b93bbd62282cf6142d0af6fc9f3de"}
,"C:\\Users\\tunii\\Desktop\\js_test_with_cicd\\isObjectLike.js": {"path":"C:\\Users\\tunii\\Desktop\\js_test_with_cicd\\isObjectLike.js","statementMap":{"0":{"start":{"line":24,"column":2},"end":{"line":24,"column":52}}},"fnMap":{"0":{"name":"isObjectLike","decl":{"start":{"line":23,"column":9},"end":{"line":23,"column":21}},"loc":{"start":{"line":23,"column":29},"end":{"line":25,"column":1}},"line":23}},"branchMap":{"0":{"loc":{"start":{"line":24,"column":9},"end":{"line":24,"column":52}},"type":"binary-expr","locations":[{"start":{"line":24,"column":9},"end":{"line":24,"column":34}},{"start":{"line":24,"column":38},"end":{"line":24,"column":52}}],"line":24}},"s":{"0":5},"f":{"0":5},"b":{"0":[5,2]},"_coverageSchema":"1a1c01bbd47fc00a2c39e90264f33305004495a9","hash":"a6c8744698ba7b9ca2581c844f743176ad4d8803"}
,"C:\\Users\\tunii\\Desktop\\js_test_with_cicd\\isSymbol.js": {"path":"C:\\Users\\tunii\\Desktop\\js_test_with_cicd\\isSymbol.js","statementMap":{"0":{"start":{"line":19,"column":15},"end":{"line":19,"column":27}},"1":{"start":{"line":20,"column":2},"end":{"line":20,"column":103}}},"fnMap":{"0":{"name":"isSymbol","decl":{"start":{"line":18,"column":9},"end":{"line":18,"column":17}},"loc":{"start":{"line":18,"column":25},"end":{"line":21,"column":1}},"line":18}},"branchMap":{"0":{"loc":{"start":{"line":20,"column":9},"end":{"line":20,"column":103}},"type":"binary-expr","locations":[{"start":{"line":20,"column":9},"end":{"line":20,"column":25}},{"start":{"line":20,"column":30},"end":{"line":20,"column":47}},{"start":{"line":20,"column":51},"end":{"line":20,"column":64}},{"start":{"line":20,"column":68},"end":{"line":20,"column":102}}],"line":20}},"s":{"0":16,"1":16},"f":{"0":16},"b":{"0":[16,16,2,1]},"_coverageSchema":"1a1c01bbd47fc00a2c39e90264f33305004495a9","hash":"553b663f9baad0da86987a266ff4cc835adc1269"}
,"C:\\Users\\tunii\\Desktop\\js_test_with_cicd\\isTypedArray.js": {"path":"C:\\Users\\tunii\\Desktop\\js_test_with_cicd\\isTypedArray.js","statementMap":{"0":{"start":{"line":6,"column":19},"end":{"line":6,"column":94}},"1":{"start":{"line":9,"column":25},"end":{"line":9,"column":60}},"2":{"start":{"line":26,"column":21},"end":{"line":28,"column":68}},"3":{"start":{"line":27,"column":15},"end":{"line":27,"column":38}},"4":{"start":{"line":28,"column":15},"end":{"line":28,"column":68}}},"fnMap":{"0":{"name":"(anonymous_0)","decl":{"start":{"line":27,"column":4},"end":{"line":27,"column":5}},"loc":{"start":{"line":27,"column":15},"end":{"line":27,"column":38}},"line":27},"1":{"name":"(anonymous_1)","decl":{"start":{"line":28,"column":4},"end":{"line":28,"column":5}},"loc":{"start":{"line":28,"column":15},"end":{"line":28,"column":68}},"line":28}},"branchMap":{"0":{"loc":{"start":{"line":9,"column":25},"end":{"line":9,"column":60}},"type":"binary-expr","locations":[{"start":{"line":9,"column":25},"end":{"line":9,"column":34}},{"start":{"line":9,"column":38},"end":{"line":9,"column":60}}],"line":9},"1":{"loc":{"start":{"line":26,"column":21},"end":{"line":28,"column":68}},"type":"cond-expr","locations":[{"start":{"line":27,"column":4},"end":{"line":27,"column":38}},{"start":{"line":28,"column":4},"end":{"line":28,"column":68}}],"line":26},"2":{"loc":{"start":{"line":28,"column":15},"end":{"line":28,"column":68}},"type":"binary-expr","locations":[{"start":{"line":28,"column":15},"end":{"line":28,"column":34}},{"start":{"line":28,"column":38},"end":{"line":28,"column":68}}],"line":28}},"s":{"0":2,"1":2,"2":2,"3":0,"4":0},"f":{"0":0,"1":0},"b":{"0":[2,2],"1":[2,0],"2":[0,0]},"_coverageSchema":"1a1c01bbd47fc00a2c39e90264f33305004495a9","hash":"2cf98e2fde67ba78ab43cb152a607582a1effd2a"}
,"C:\\Users\\tunii\\Desktop\\js_test_with_cicd\\keys.js": {"path":"C:\\Users\\tunii\\Desktop\\js_test_with_cicd\\keys.js","statementMap":{"0":{"start":{"line":32,"column":2},"end":{"line":34,"column":33}}},"fnMap":{"0":{"name":"keys","decl":{"start":{"line":31,"column":9},"end":{"line":31,"column":13}},"loc":{"start":{"line":31,"column":22},"end":{"line":35,"column":1}},"line":31}},"branchMap":{"0":{"loc":{"start":{"line":32,"column":9},"end":{"line":34,"column":33}},"type":"cond-expr","locations":[{"start":{"line":33,"column":6},"end":{"line":33,"column":27}},{"start":{"line":34,"column":6},"end":{"line":34,"column":33}}],"line":32}},"s":{"0":0},"f":{"0":0},"b":{"0":[0,0]},"_coverageSchema":"1a1c01bbd47fc00a2c39e90264f33305004495a9","hash":"ad597a736b0a8f91ad022044ddd4d24f410288c4"}
,"C:\\Users\\tunii\\Desktop\\js_test_with_cicd\\reduce.js": {"path":"C:\\Users\\tunii\\Desktop\\js_test_with_cicd\\reduce.js","statementMap":{"0":{"start":{"line":39,"column":15},"end":{"line":39,"column":67}},"1":{"start":{"line":40,"column":20},"end":{"line":40,"column":40}},"2":{"start":{"line":41,"column":2},"end":{"line":41,"column":69}}},"fnMap":{"0":{"name":"reduce","decl":{"start":{"line":38,"column":9},"end":{"line":38,"column":15}},"loc":{"start":{"line":38,"column":51},"end":{"line":42,"column":1}},"line":38}},"branchMap":{"0":{"loc":{"start":{"line":39,"column":15},"end":{"line":39,"column":67}},"type":"cond-expr","locations":[{"start":{"line":39,"column":43},"end":{"line":39,"column":54}},{"start":{"line":39,"column":57},"end":{"line":39,"column":67}}],"line":39}},"s":{"0":2,"1":2,"2":2},"f":{"0":2},"b":{"0":[2,0]},"_coverageSchema":"1a1c01bbd47fc00a2c39e90264f33305004495a9","hash":"daad548cf688a541f12a97dc18922ee820a1046b"}
,"C:\\Users\\tunii\\Desktop\\js_test_with_cicd\\slice.js": {"path":"C:\\Users\\tunii\\Desktop\\js_test_with_cicd\\slice.js","statementMap":{"0":{"start":{"line":22,"column":15},"end":{"line":22,"column":47}},"1":{"start":{"line":23,"column":2},"end":{"line":25,"column":3}},"2":{"start":{"line":24,"column":4},"end":{"line":24,"column":13}},"3":{"start":{"line":26,"column":2},"end":{"line":26,"column":35}},"4":{"start":{"line":27,"column":2},"end":{"line":27,"column":40}},"5":{"start":{"line":29,"column":2},"end":{"line":31,"column":3}},"6":{"start":{"line":30,"column":4},"end":{"line":30,"column":50}},"7":{"start":{"line":32,"column":2},"end":{"line":34,"column":3}},"8":{"start":{"line":33,"column":4},"end":{"line":33,"column":17}},"9":{"start":{"line":35,"column":2},"end":{"line":35,"column":50}},"10":{"start":{"line":36,"column":2},"end":{"line":36,"column":14}},"11":{"start":{"line":38,"column":14},"end":{"line":38,"column":16}},"12":{"start":{"line":39,"column":17},"end":{"line":39,"column":34}},"13":{"start":{"line":40,"column":2},"end":{"line":42,"column":3}},"14":{"start":{"line":41,"column":4},"end":{"line":41,"column":40}},"15":{"start":{"line":43,"column":2},"end":{"line":43,"column":15}}},"fnMap":{"0":{"name":"slice","decl":{"start":{"line":21,"column":9},"end":{"line":21,"column":14}},"loc":{"start":{"line":21,"column":34},"end":{"line":44,"column":1}},"line":21}},"branchMap":{"0":{"loc":{"start":{"line":22,"column":15},"end":{"line":22,"column":47}},"type":"cond-expr","locations":[{"start":{"line":22,"column":31},"end":{"line":22,"column":32}},{"start":{"line":22,"column":35},"end":{"line":22,"column":47}}],"line":22},"1":{"loc":{"start":{"line":23,"column":2},"end":{"line":25,"column":3}},"type":"if","locations":[{"start":{"line":23,"column":2},"end":{"line":25,"column":3}},{"start":{},"end":{}}],"line":23},"2":{"loc":{"start":{"line":26,"column":10},"end":{"line":26,"column":35}},"type":"cond-expr","locations":[{"start":{"line":26,"column":26},"end":{"line":26,"column":27}},{"start":{"line":26,"column":30},"end":{"line":26,"column":35}}],"line":26},"3":{"loc":{"start":{"line":27,"column":8},"end":{"line":27,"column":40}},"type":"cond-expr","locations":[{"start":{"line":27,"column":28},"end":{"line":27,"column":34}},{"start":{"line":27,"column":37},"end":{"line":27,"column":40}}],"line":27},"4":{"loc":{"start":{"line":29,"column":2},"end":{"line":31,"column":3}},"type":"if","locations":[{"start":{"line":29,"column":2},"end":{"line":31,"column":3}},{"start":{},"end":{}}],"line":29},"5":{"loc":{"start":{"line":30,"column":12},"end":{"line":30,"column":50}},"type":"cond-expr","locations":[{"start":{"line":30,"column":30},"end":{"line":30,"column":31}},{"start":{"line":30,"column":35},"end":{"line":30,"column":49}}],"line":30},"6":{"loc":{"start":{"line":32,"column":2},"end":{"line":34,"column":3}},"type":"if","locations":[{"start":{"line":32,"column":2},"end":{"line":34,"column":3}},{"start":{},"end":{}}],"line":32},"7":{"loc":{"start":{"line":35,"column":11},"end":{"line":35,"column":50}},"type":"cond-expr","locations":[{"start":{"line":35,"column":25},"end":{"line":35,"column":26}},{"start":{"line":35,"column":30},"end":{"line":35,"column":49}}],"line":35}},"s":{"0":0,"1":0,"2":0,"3":0,"4":0,"5":0,"6":0,"7":0,"8":0,"9":0,"10":0,"11":0,"12":0,"13":0,"14":0,"15":0},"f":{"0":0},"b":{"0":[0,0],"1":[0,0],"2":[0,0],"3":[0,0],"4":[0,0],"5":[0,0],"6":[0,0],"7":[0,0]},"_coverageSchema":"1a1c01bbd47fc00a2c39e90264f33305004495a9","hash":"b4f89385de7d4ace9aaf9748805a28ed783ac8c1"}
,"C:\\Users\\tunii\\Desktop\\js_test_with_cicd\\toNumber.js": {"path":"C:\\Users\\tunii\\Desktop\\js_test_with_cicd\\toNumber.js","statementMap":{"0":{"start":{"line":5,"column":12},"end":{"line":5,"column":17}},"1":{"start":{"line":8,"column":15},"end":{"line":8,"column":27}},"2":{"start":{"line":11,"column":19},"end":{"line":11,"column":39}},"3":{"start":{"line":14,"column":19},"end":{"line":14,"column":31}},"4":{"start":{"line":17,"column":18},"end":{"line":17,"column":31}},"5":{"start":{"line":20,"column":21},"end":{"line":20,"column":29}},"6":{"start":{"line":45,"column":2},"end":{"line":47,"column":3}},"7":{"start":{"line":46,"column":4},"end":{"line":46,"column":16}},"8":{"start":{"line":48,"column":2},"end":{"line":50,"column":3}},"9":{"start":{"line":49,"column":4},"end":{"line":49,"column":14}},"10":{"start":{"line":51,"column":2},"end":{"line":54,"column":3}},"11":{"start":{"line":52,"column":18},"end":{"line":52,"column":79}},"12":{"start":{"line":53,"column":4},"end":{"line":53,"column":48}},"13":{"start":{"line":55,"column":2},"end":{"line":57,"column":3}},"14":{"start":{"line":56,"column":4},"end":{"line":56,"column":39}},"15":{"start":{"line":58,"column":2},"end":{"line":58,"column":35}},"16":{"start":{"line":59,"column":19},"end":{"line":59,"column":41}},"17":{"start":{"line":60,"column":2},"end":{"line":62,"column":45}}},"fnMap":{"0":{"name":"toNumber","decl":{"start":{"line":44,"column":9},"end":{"line":44,"column":17}},"loc":{"start":{"line":44,"column":25},"end":{"line":63,"column":1}},"line":44}},"branchMap":{"0":{"loc":{"start":{"line":45,"column":2},"end":{"line":47,"column":3}},"type":"if","locations":[{"start":{"line":45,"column":2},"end":{"line":47,"column":3}},{"start":{},"end":{}}],"line":45},"1":{"loc":{"start":{"line":48,"column":2},"end":{"line":50,"column":3}},"type":"if","locations":[{"start":{"line":48,"column":2},"end":{"line":50,"column":3}},{"start":{},"end":{}}],"line":48},"2":{"loc":{"start":{"line":51,"column":2},"end":{"line":54,"column":3}},"type":"if","locations":[{"start":{"line":51,"column":2},"end":{"line":54,"column":3}},{"start":{},"end":{}}],"line":51},"3":{"loc":{"start":{"line":52,"column":18},"end":{"line":52,"column":79}},"type":"cond-expr","locations":[{"start":{"line":52,"column":56},"end":{"line":52,"column":71}},{"start":{"line":52,"column":74},"end":{"line":52,"column":79}}],"line":52},"4":{"loc":{"start":{"line":53,"column":12},"end":{"line":53,"column":48}},"type":"cond-expr","locations":[{"start":{"line":53,"column":30},"end":{"line":53,"column":40}},{"start":{"line":53,"column":43},"end":{"line":53,"column":48}}],"line":53},"5":{"loc":{"start":{"line":55,"column":2},"end":{"line":57,"column":3}},"type":"if","locations":[{"start":{"line":55,"column":2},"end":{"line":57,"column":3}},{"start":{},"end":{}}],"line":55},"6":{"loc":{"start":{"line":56,"column":11},"end":{"line":56,"column":39}},"type":"cond-expr","locations":[{"start":{"line":56,"column":25},"end":{"line":56,"column":30}},{"start":{"line":56,"column":33},"end":{"line":56,"column":39}}],"line":56},"7":{"loc":{"start":{"line":60,"column":9},"end":{"line":62,"column":45}},"type":"cond-expr","locations":[{"start":{"line":61,"column":6},"end":{"line":61,"column":52}},{"start":{"line":62,"column":7},"end":{"line":62,"column":44}}],"line":60},"8":{"loc":{"start":{"line":60,"column":10},"end":{"line":60,"column":43}},"type":"binary-expr","locations":[{"start":{"line":60,"column":10},"end":{"line":60,"column":18}},{"start":{"line":60,"column":22},"end":{"line":60,"column":43}}],"line":60},"9":{"loc":{"start":{"line":61,"column":35},"end":{"line":61,"column":51}},"type":"cond-expr","locations":[{"start":{"line":61,"column":46},"end":{"line":61,"column":47}},{"start":{"line":61,"column":50},"end":{"line":61,"column":51}}],"line":61},"10":{"loc":{"start":{"line":62,"column":7},"end":{"line":62,"column":44}},"type":"cond-expr","locations":[{"start":{"line":62,"column":32},"end":{"line":62,"column":35}},{"start":{"line":62,"column":38},"end":{"line":62,"column":44}}],"line":62}},"s":{"0":1,"1":1,"2":1,"3":1,"4":1,"5":1,"6":12,"7":4,"8":8,"9":0,"10":8,"11":0,"12":0,"13":8,"14":0,"15":8,"16":8,"17":8},"f":{"0":12},"b":{"0":[4,8],"1":[0,8],"2":[0,8],"3":[0,0],"4":[0,0],"5":[0,8],"6":[0,0],"7":[0,8],"8":[8,8],"9":[0,0],"10":[0,8]},"_coverageSchema":"1a1c01bbd47fc00a2c39e90264f33305004495a9","hash":"2f14654511235700995c43d1658916f9e50ad201"}
,"C:\\Users\\tunii\\Desktop\\js_test_with_cicd\\toString.js": {"path":"C:\\Users\\tunii\\Desktop\\js_test_with_cicd\\toString.js","statementMap":{"0":{"start":{"line":4,"column":17},"end":{"line":4,"column":22}},"1":{"start":{"line":28,"column":2},"end":{"line":30,"column":3}},"2":{"start":{"line":29,"column":4},"end":{"line":29,"column":16}},"3":{"start":{"line":31,"column":2},"end":{"line":34,"column":3}},"4":{"start":{"line":33,"column":4},"end":{"line":33,"column":77}},"5":{"start":{"line":33,"column":35},"end":{"line":33,"column":74}},"6":{"start":{"line":35,"column":2},"end":{"line":37,"column":3}},"7":{"start":{"line":36,"column":4},"end":{"line":36,"column":27}},"8":{"start":{"line":38,"column":17},"end":{"line":38,"column":27}},"9":{"start":{"line":39,"column":2},"end":{"line":39,"column":68}}},"fnMap":{"0":{"name":"toString","decl":{"start":{"line":25,"column":9},"end":{"line":25,"column":17}},"loc":{"start":{"line":25,"column":25},"end":{"line":40,"column":1}},"line":25},"1":{"name":"(anonymous_1)","decl":{"start":{"line":33,"column":24},"end":{"line":33,"column":25}},"loc":{"start":{"line":33,"column":35},"end":{"line":33,"column":74}},"line":33}},"branchMap":{"0":{"loc":{"start":{"line":28,"column":2},"end":{"line":30,"column":3}},"type":"if","locations":[{"start":{"line":28,"column":2},"end":{"line":30,"column":3}},{"start":{},"end":{}}],"line":28},"1":{"loc":{"start":{"line":31,"column":2},"end":{"line":34,"column":3}},"type":"if","locations":[{"start":{"line":31,"column":2},"end":{"line":34,"column":3}},{"start":{},"end":{}}],"line":31},"2":{"loc":{"start":{"line":33,"column":35},"end":{"line":33,"column":74}},"type":"cond-expr","locations":[{"start":{"line":33,"column":51},"end":{"line":33,"column":56}},{"start":{"line":33,"column":59},"end":{"line":33,"column":74}}],"line":33},"3":{"loc":{"start":{"line":35,"column":2},"end":{"line":37,"column":3}},"type":"if","locations":[{"start":{"line":35,"column":2},"end":{"line":37,"column":3}},{"start":{},"end":{}}],"line":35},"4":{"loc":{"start":{"line":39,"column":9},"end":{"line":39,"column":68}},"type":"cond-expr","locations":[{"start":{"line":39,"column":55},"end":{"line":39,"column":59}},{"start":{"line":39,"column":62},"end":{"line":39,"column":68}}],"line":39},"5":{"loc":{"start":{"line":39,"column":10},"end":{"line":39,"column":51}},"type":"binary-expr","locations":[{"start":{"line":39,"column":10},"end":{"line":39,"column":23}},{"start":{"line":39,"column":27},"end":{"line":39,"column":51}}],"line":39}},"s":{"0":2,"1":18,"2":8,"3":10,"4":2,"5":4,"6":8,"7":0,"8":8,"9":8},"f":{"0":18,"1":4},"b":{"0":[8,10],"1":[2,8],"2":[0,4],"3":[0,8],"4":[1,7],"5":[8,1]},"_coverageSchema":"1a1c01bbd47fc00a2c39e90264f33305004495a9","hash":"be4ac166dbc0d9a7dd54c130031dedc7d96600f3"}
,"C:\\Users\\tunii\\Desktop\\js_test_with_cicd\\upperFirst.js": {"path":"C:\\Users\\tunii\\Desktop\\js_test_with_cicd\\upperFirst.js","statementMap":{"0":{"start":{"line":19,"column":19},"end":{"line":19,"column":49}}},"fnMap":{},"branchMap":{},"s":{"0":1},"f":{},"b":{},"_coverageSchema":"1a1c01bbd47fc00a2c39e90264f33305004495a9","hash":"1542176b155366f3dc027c3ef6da090ee54d8485"}
,"C:\\Users\\tunii\\Desktop\\js_test_with_cicd\\.internal\\arrayLikeKeys.js": {"path":"C:\\Users\\tunii\\Desktop\\js_test_with_cicd\\.internal\\arrayLikeKeys.js","statementMap":{"0":{"start":{"line":7,"column":23},"end":{"line":7,"column":54}},"1":{"start":{"line":18,"column":16},"end":{"line":18,"column":36}},"2":{"start":{"line":19,"column":16},"end":{"line":19,"column":44}},"3":{"start":{"line":20,"column":17},"end":{"line":20,"column":52}},"4":{"start":{"line":21,"column":17},"end":{"line":21,"column":67}},"5":{"start":{"line":22,"column":22},"end":{"line":22,"column":56}},"6":{"start":{"line":23,"column":17},"end":{"line":23,"column":29}},"7":{"start":{"line":24,"column":17},"end":{"line":24,"column":52}},"8":{"start":{"line":25,"column":14},"end":{"line":25,"column":39}},"9":{"start":{"line":26,"column":2},"end":{"line":28,"column":3}},"10":{"start":{"line":27,"column":4},"end":{"line":27,"column":30}},"11":{"start":{"line":29,"column":2},"end":{"line":39,"column":3}},"12":{"start":{"line":30,"column":4},"end":{"line":38,"column":5}},"13":{"start":{"line":37,"column":6},"end":{"line":37,"column":22}},"14":{"start":{"line":40,"column":2},"end":{"line":40,"column":15}}},"fnMap":{"0":{"name":"arrayLikeKeys","decl":{"start":{"line":17,"column":9},"end":{"line":17,"column":22}},"loc":{"start":{"line":17,"column":41},"end":{"line":41,"column":1}},"line":17}},"branchMap":{"0":{"loc":{"start":{"line":19,"column":16},"end":{"line":19,"column":44}},"type":"binary-expr","locations":[{"start":{"line":19,"column":16},"end":{"line":19,"column":22}},{"start":{"line":19,"column":26},"end":{"line":19,"column":44}}],"line":19},"1":{"loc":{"start":{"line":20,"column":17},"end":{"line":20,"column":52}},"type":"binary-expr","locations":[{"start":{"line":20,"column":17},"end":{"line":20,"column":23}},{"start":{"line":20,"column":27},"end":{"line":20,"column":33}},{"start":{"line":20,"column":37},"end":{"line":20,"column":52}}],"line":20},"2":{"loc":{"start":{"line":21,"column":17},"end":{"line":21,"column":67}},"type":"binary-expr","locations":[{"start":{"line":21,"column":17},"end":{"line":21,"column":23}},{"start":{"line":21,"column":27},"end":{"line":21,"column":33}},{"start":{"line":21,"column":37},"end":{"line":21,"column":44}},{"start":{"line":21,"column":48},"end":{"line":21,"column":67}}],"line":21},"3":{"loc":{"start":{"line":22,"column":22},"end":{"line":22,"column":56}},"type":"binary-expr","locations":[{"start":{"line":22,"column":22},"end":{"line":22,"column":27}},{"start":{"line":22,"column":31},"end":{"line":22,"column":36}},{"start":{"line":22,"column":40},"end":{"line":22,"column":46}},{"start":{"line":22,"column":50},"end":{"line":22,"column":56}}],"line":22},"4":{"loc":{"start":{"line":24,"column":27},"end":{"line":24,"column":51}},"type":"cond-expr","locations":[{"start":{"line":24,"column":41},"end":{"line":24,"column":47}},{"start":{"line":24,"column":50},"end":{"line":24,"column":51}}],"line":24},"5":{"loc":{"start":{"line":25,"column":14},"end":{"line":25,"column":39}},"type":"cond-expr","locations":[{"start":{"line":25,"column":28},"end":{"line":25,"column":30}},{"start":{"line":25,"column":33},"end":{"line":25,"column":39}}],"line":25},"6":{"loc":{"start":{"line":30,"column":4},"end":{"line":38,"column":5}},"type":"if","locations":[{"start":{"line":30,"column":4},"end":{"line":38,"column":5}},{"start":{},"end":{}}],"line":30},"7":{"loc":{"start":{"line":30,"column":8},"end":{"line":36,"column":10}},"type":"binary-expr","locations":[{"start":{"line":30,"column":9},"end":{"line":30,"column":18}},{"start":{"line":30,"column":22},"end":{"line":30,"column":53}},{"start":{"line":31,"column":8},"end":{"line":36,"column":10}}],"line":30},"8":{"loc":{"start":{"line":31,"column":10},"end":{"line":36,"column":9}},"type":"binary-expr","locations":[{"start":{"line":31,"column":10},"end":{"line":31,"column":21}},{"start":{"line":33,"column":11},"end":{"line":33,"column":27}},{"start":{"line":35,"column":11},"end":{"line":35,"column":31}}],"line":31}},"s":{"0":1,"1":0,"2":0,"3":0,"4":0,"5":0,"6":0,"7":0,"8":0,"9":0,"10":0,"11":0,"12":0,"13":0,"14":0},"f":{"0":0},"b":{"0":[0,0],"1":[0,0,0],"2":[0,0,0,0],"3":[0,0,0,0],"4":[0,0],"5":[0,0],"6":[0,0],"7":[0,0,0],"8":[0,0,0]},"_coverageSchema":"1a1c01bbd47fc00a2c39e90264f33305004495a9","hash":"f632a6de83b33c530072e289738188715aaed91a"}
,"C:\\Users\\tunii\\Desktop\\js_test_with_cicd\\.internal\\arrayReduce.js": {"path":"C:\\Users\\tunii\\Desktop\\js_test_with_cicd\\.internal\\arrayReduce.js","statementMap":{"0":{"start":{"line":13,"column":14},"end":{"line":13,"column":16}},"1":{"start":{"line":14,"column":17},"end":{"line":14,"column":49}},"2":{"start":{"line":16,"column":2},"end":{"line":18,"column":3}},"3":{"start":{"line":17,"column":4},"end":{"line":17,"column":32}},"4":{"start":{"line":19,"column":2},"end":{"line":21,"column":3}},"5":{"start":{"line":20,"column":4},"end":{"line":20,"column":67}},"6":{"start":{"line":22,"column":2},"end":{"line":22,"column":20}}},"fnMap":{"0":{"name":"arrayReduce","decl":{"start":{"line":12,"column":9},"end":{"line":12,"column":20}},"loc":{"start":{"line":12,"column":62},"end":{"line":23,"column":1}},"line":12}},"branchMap":{"0":{"loc":{"start":{"line":14,"column":17},"end":{"line":14,"column":49}},"type":"cond-expr","locations":[{"start":{"line":14,"column":33},"end":{"line":14,"column":34}},{"start":{"line":14,"column":37},"end":{"line":14,"column":49}}],"line":14},"1":{"loc":{"start":{"line":16,"column":2},"end":{"line":18,"column":3}},"type":"if","locations":[{"start":{"line":16,"column":2},"end":{"line":18,"column":3}},{"start":{},"end":{}}],"line":16},"2":{"loc":{"start":{"line":16,"column":6},"end":{"line":16,"column":25}},"type":"binary-expr","locations":[{"start":{"line":16,"column":6},"end":{"line":16,"column":15}},{"start":{"line":16,"column":19},"end":{"line":16,"column":25}}],"line":16}},"s":{"0":2,"1":2,"2":2,"3":0,"4":2,"5":6,"6":2},"f":{"0":2},"b":{"0":[0,2],"1":[0,2],"2":[2,0]},"_coverageSchema":"1a1c01bbd47fc00a2c39e90264f33305004495a9","hash":"1f6fed1259f8041c7ea8320dc0e9c6f5647b5955"}
,"C:\\Users\\tunii\\Desktop\\js_test_with_cicd\\.internal\\asciiToArray.js": {"path":"C:\\Users\\tunii\\Desktop\\js_test_with_cicd\\.internal\\asciiToArray.js","statementMap":{"0":{"start":{"line":9,"column":2},"end":{"line":9,"column":25}}},"fnMap":{"0":{"name":"asciiToArray","decl":{"start":{"line":8,"column":9},"end":{"line":8,"column":21}},"loc":{"start":{"line":8,"column":30},"end":{"line":10,"column":1}},"line":8}},"branchMap":{},"s":{"0":0},"f":{"0":0},"b":{},"_coverageSchema":"1a1c01bbd47fc00a2c39e90264f33305004495a9","hash":"f74dd9b7f047e4b2935eeea886b3225dc837ae09"}
,"C:\\Users\\tunii\\Desktop\\js_test_with_cicd\\.internal\\baseAssignValue.js": {"path":"C:\\Users\\tunii\\Desktop\\js_test_with_cicd\\.internal\\baseAssignValue.js","statementMap":{"0":{"start":{"line":11,"column":2},"end":{"line":20,"column":3}},"1":{"start":{"line":12,"column":4},"end":{"line":17,"column":6}},"2":{"start":{"line":19,"column":4},"end":{"line":19,"column":23}}},"fnMap":{"0":{"name":"baseAssignValue","decl":{"start":{"line":10,"column":9},"end":{"line":10,"column":24}},"loc":{"start":{"line":10,"column":45},"end":{"line":21,"column":1}},"line":10}},"branchMap":{"0":{"loc":{"start":{"line":11,"column":2},"end":{"line":20,"column":3}},"type":"if","locations":[{"start":{"line":11,"column":2},"end":{"line":20,"column":3}},{"start":{"line":18,"column":9},"end":{"line":20,"column":3}}],"line":11}},"s":{"0":4,"1":0,"2":4},"f":{"0":4},"b":{"0":[0,4]},"_coverageSchema":"1a1c01bbd47fc00a2c39e90264f33305004495a9","hash":"bf97b3f21c28ce58c96b5e1123b3ca8737b40713"}
,"C:\\Users\\tunii\\Desktop\\js_test_with_cicd\\.internal\\baseEach.js": {"path":"C:\\Users\\tunii\\Desktop\\js_test_with_cicd\\.internal\\baseEach.js","statementMap":{"0":{"start":{"line":13,"column":2},"end":{"line":15,"column":3}},"1":{"start":{"line":14,"column":4},"end":{"line":14,"column":21}},"2":{"start":{"line":16,"column":2},"end":{"line":18,"column":3}},"3":{"start":{"line":17,"column":4},"end":{"line":17,"column":43}},"4":{"start":{"line":19,"column":17},"end":{"line":19,"column":34}},"5":{"start":{"line":20,"column":19},"end":{"line":20,"column":37}},"6":{"start":{"line":21,"column":14},"end":{"line":21,"column":16}},"7":{"start":{"line":23,"column":2},"end":{"line":27,"column":3}},"8":{"start":{"line":24,"column":4},"end":{"line":26,"column":5}},"9":{"start":{"line":25,"column":6},"end":{"line":25,"column":11}},"10":{"start":{"line":28,"column":2},"end":{"line":28,"column":19}}},"fnMap":{"0":{"name":"baseEach","decl":{"start":{"line":12,"column":9},"end":{"line":12,"column":17}},"loc":{"start":{"line":12,"column":40},"end":{"line":29,"column":1}},"line":12}},"branchMap":{"0":{"loc":{"start":{"line":13,"column":2},"end":{"line":15,"column":3}},"type":"if","locations":[{"start":{"line":13,"column":2},"end":{"line":15,"column":3}},{"start":{},"end":{}}],"line":13},"1":{"loc":{"start":{"line":16,"column":2},"end":{"line":18,"column":3}},"type":"if","locations":[{"start":{"line":16,"column":2},"end":{"line":18,"column":3}},{"start":{},"end":{}}],"line":16},"2":{"loc":{"start":{"line":24,"column":4},"end":{"line":26,"column":5}},"type":"if","locations":[{"start":{"line":24,"column":4},"end":{"line":26,"column":5}},{"start":{},"end":{}}],"line":24}},"s":{"0":0,"1":0,"2":0,"3":0,"4":0,"5":0,"6":0,"7":0,"8":0,"9":0,"10":0},"f":{"0":0},"b":{"0":[0,0],"1":[0,0],"2":[0,0]},"_coverageSchema":"1a1c01bbd47fc00a2c39e90264f33305004495a9","hash":"bc2c4fcbb556e59111f0be264d1230a0877cf2c8"}
,"C:\\Users\\tunii\\Desktop\\js_test_with_cicd\\.internal\\baseFor.js": {"path":"C:\\Users\\tunii\\Desktop\\js_test_with_cicd\\.internal\\baseFor.js","statementMap":{"0":{"start":{"line":13,"column":19},"end":{"line":13,"column":33}},"1":{"start":{"line":14,"column":16},"end":{"line":14,"column":32}},"2":{"start":{"line":15,"column":19},"end":{"line":15,"column":24}},"3":{"start":{"line":16,"column":14},"end":{"line":16,"column":16}},"4":{"start":{"line":18,"column":2},"end":{"line":23,"column":3}},"5":{"start":{"line":19,"column":16},"end":{"line":19,"column":30}},"6":{"start":{"line":20,"column":4},"end":{"line":22,"column":5}},"7":{"start":{"line":21,"column":6},"end":{"line":21,"column":11}},"8":{"start":{"line":24,"column":2},"end":{"line":24,"column":15}}},"fnMap":{"0":{"name":"baseFor","decl":{"start":{"line":12,"column":9},"end":{"line":12,"column":16}},"loc":{"start":{"line":12,"column":45},"end":{"line":25,"column":1}},"line":12}},"branchMap":{"0":{"loc":{"start":{"line":20,"column":4},"end":{"line":22,"column":5}},"type":"if","locations":[{"start":{"line":20,"column":4},"end":{"line":22,"column":5}},{"start":{},"end":{}}],"line":20}},"s":{"0":0,"1":0,"2":0,"3":0,"4":0,"5":0,"6":0,"7":0,"8":0},"f":{"0":0},"b":{"0":[0,0]},"_coverageSchema":"1a1c01bbd47fc00a2c39e90264f33305004495a9","hash":"9b3102881240a3ad495169423d12d038478e6f33"}
,"C:\\Users\\tunii\\Desktop\\js_test_with_cicd\\.internal\\baseForOwn.js": {"path":"C:\\Users\\tunii\\Desktop\\js_test_with_cicd\\.internal\\baseForOwn.js","statementMap":{"0":{"start":{"line":13,"column":2},"end":{"line":13,"column":50}}},"fnMap":{"0":{"name":"baseForOwn","decl":{"start":{"line":12,"column":9},"end":{"line":12,"column":19}},"loc":{"start":{"line":12,"column":38},"end":{"line":14,"column":1}},"line":12}},"branchMap":{"0":{"loc":{"start":{"line":13,"column":9},"end":{"line":13,"column":50}},"type":"binary-expr","locations":[{"start":{"line":13,"column":9},"end":{"line":13,"column":15}},{"start":{"line":13,"column":19},"end":{"line":13,"column":50}}],"line":13}},"s":{"0":0},"f":{"0":0},"b":{"0":[0,0]},"_coverageSchema":"1a1c01bbd47fc00a2c39e90264f33305004495a9","hash":"b088ccbcc7c9c2ec3873a264048c7366a6ba1de2"}
,"C:\\Users\\tunii\\Desktop\\js_test_with_cicd\\.internal\\baseReduce.js": {"path":"C:\\Users\\tunii\\Desktop\\js_test_with_cicd\\.internal\\baseReduce.js","statementMap":{"0":{"start":{"line":15,"column":2},"end":{"line":19,"column":4}},"1":{"start":{"line":16,"column":4},"end":{"line":18,"column":55}},"2":{"start":{"line":20,"column":2},"end":{"line":20,"column":20}}},"fnMap":{"0":{"name":"baseReduce","decl":{"start":{"line":14,"column":9},"end":{"line":14,"column":19}},"loc":{"start":{"line":14,"column":76},"end":{"line":21,"column":1}},"line":14},"1":{"name":"(anonymous_1)","decl":{"start":{"line":15,"column":23},"end":{"line":15,"column":24}},"loc":{"start":{"line":15,"column":53},"end":{"line":19,"column":3}},"line":15}},"branchMap":{"0":{"loc":{"start":{"line":16,"column":18},"end":{"line":18,"column":55}},"type":"cond-expr","locations":[{"start":{"line":17,"column":9},"end":{"line":17,"column":33}},{"start":{"line":18,"column":8},"end":{"line":18,"column":55}}],"line":16}},"s":{"0":0,"1":0,"2":0},"f":{"0":0,"1":0},"b":{"0":[0,0]},"_coverageSchema":"1a1c01bbd47fc00a2c39e90264f33305004495a9","hash":"d0d6b396f303572562276ed2800aee27241a41a7"}
,"C:\\Users\\tunii\\Desktop\\js_test_with_cicd\\.internal\\castSlice.js": {"path":"C:\\Users\\tunii\\Desktop\\js_test_with_cicd\\.internal\\castSlice.js","statementMap":{"0":{"start":{"line":13,"column":21},"end":{"line":13,"column":26}},"1":{"start":{"line":14,"column":2},"end":{"line":14,"column":40}},"2":{"start":{"line":15,"column":2},"end":{"line":15,"column":69}}},"fnMap":{"0":{"name":"castSlice","decl":{"start":{"line":12,"column":9},"end":{"line":12,"column":18}},"loc":{"start":{"line":12,"column":38},"end":{"line":16,"column":1}},"line":12}},"branchMap":{"0":{"loc":{"start":{"line":14,"column":8},"end":{"line":14,"column":40}},"type":"cond-expr","locations":[{"start":{"line":14,"column":28},"end":{"line":14,"column":34}},{"start":{"line":14,"column":37},"end":{"line":14,"column":40}}],"line":14},"1":{"loc":{"start":{"line":15,"column":9},"end":{"line":15,"column":69}},"type":"cond-expr","locations":[{"start":{"line":15,"column":37},"end":{"line":15,"column":42}},{"start":{"line":15,"column":45},"end":{"line":15,"column":69}}],"line":15},"2":{"loc":{"start":{"line":15,"column":10},"end":{"line":15,"column":33}},"type":"binary-expr","locations":[{"start":{"line":15,"column":10},"end":{"line":15,"column":16}},{"start":{"line":15,"column":20},"end":{"line":15,"column":33}}],"line":15}},"s":{"0":0,"1":0,"2":0},"f":{"0":0},"b":{"0":[0,0],"1":[0,0],"2":[0,0]},"_coverageSchema":"1a1c01bbd47fc00a2c39e90264f33305004495a9","hash":"6c54502e53e6eb939eb7e5f76880ace56b797cee"}
,"C:\\Users\\tunii\\Desktop\\js_test_with_cicd\\.internal\\createCaseFirst.js": {"path":"C:\\Users\\tunii\\Desktop\\js_test_with_cicd\\.internal\\createCaseFirst.js","statementMap":{"0":{"start":{"line":13,"column":2},"end":{"line":31,"column":3}},"1":{"start":{"line":14,"column":4},"end":{"line":16,"column":5}},"2":{"start":{"line":15,"column":6},"end":{"line":15,"column":15}},"3":{"start":{"line":18,"column":23},"end":{"line":20,"column":17}},"4":{"start":{"line":22,"column":16},"end":{"line":24,"column":17}},"5":{"start":{"line":26,"column":21},"end":{"line":28,"column":23}},"6":{"start":{"line":30,"column":4},"end":{"line":30,"column":39}}},"fnMap":{"0":{"name":"createCaseFirst","decl":{"start":{"line":12,"column":9},"end":{"line":12,"column":24}},"loc":{"start":{"line":12,"column":37},"end":{"line":32,"column":1}},"line":12},"1":{"name":"(anonymous_1)","decl":{"start":{"line":13,"column":9},"end":{"line":13,"column":10}},"loc":{"start":{"line":13,"column":21},"end":{"line":31,"column":3}},"line":13}},"branchMap":{"0":{"loc":{"start":{"line":14,"column":4},"end":{"line":16,"column":5}},"type":"if","locations":[{"start":{"line":14,"column":4},"end":{"line":16,"column":5}},{"start":{},"end":{}}],"line":14},"1":{"loc":{"start":{"line":18,"column":23},"end":{"line":20,"column":17}},"type":"cond-expr","locations":[{"start":{"line":19,"column":8},"end":{"line":19,"column":29}},{"start":{"line":20,"column":8},"end":{"line":20,"column":17}}],"line":18},"2":{"loc":{"start":{"line":22,"column":16},"end":{"line":24,"column":17}},"type":"cond-expr","locations":[{"start":{"line":23,"column":8},"end":{"line":23,"column":21}},{"start":{"line":24,"column":8},"end":{"line":24,"column":17}}],"line":22},"3":{"loc":{"start":{"line":26,"column":21},"end":{"line":28,"column":23}},"type":"cond-expr","locations":[{"start":{"line":27,"column":8},"end":{"line":27,"column":41}},{"start":{"line":28,"column":8},"end":{"line":28,"column":23}}],"line":26}},"s":{"0":1,"1":11,"2":1,"3":10,"4":10,"5":10,"6":10},"f":{"0":1,"1":11},"b":{"0":[1,10],"1":[0,10],"2":[0,10],"3":[0,10]},"_coverageSchema":"1a1c01bbd47fc00a2c39e90264f33305004495a9","hash":"f442208dad3ce12c68946327c32286c71d7a1e3b"}
,"C:\\Users\\tunii\\Desktop\\js_test_with_cicd\\.internal\\freeGlobal.js": {"path":"C:\\Users\\tunii\\Desktop\\js_test_with_cicd\\.internal\\freeGlobal.js","statementMap":{"0":{"start":{"line":2,"column":19},"end":{"line":2,"column":102}}},"fnMap":{},"branchMap":{"0":{"loc":{"start":{"line":2,"column":19},"end":{"line":2,"column":102}},"type":"binary-expr","locations":[{"start":{"line":2,"column":19},"end":{"line":2,"column":45}},{"start":{"line":2,"column":49},"end":{"line":2,"column":64}},{"start":{"line":2,"column":68},"end":{"line":2,"column":92}},{"start":{"line":2,"column":96},"end":{"line":2,"column":102}}],"line":2}},"s":{"0":2},"f":{},"b":{"0":[2,2,2,2]},"_coverageSchema":"1a1c01bbd47fc00a2c39e90264f33305004495a9","hash":"1872d10977afcce5530685456f5fd494af251f8e"}
,"C:\\Users\\tunii\\Desktop\\js_test_with_cicd\\.internal\\getTag.js": {"path":"C:\\Users\\tunii\\Desktop\\js_test_with_cicd\\.internal\\getTag.js","statementMap":{"0":{"start":{"line":1,"column":17},"end":{"line":1,"column":42}},"1":{"start":{"line":11,"column":2},"end":{"line":13,"column":3}},"2":{"start":{"line":12,"column":4},"end":{"line":12,"column":71}},"3":{"start":{"line":14,"column":2},"end":{"line":14,"column":29}}},"fnMap":{"0":{"name":"getTag","decl":{"start":{"line":10,"column":9},"end":{"line":10,"column":15}},"loc":{"start":{"line":10,"column":23},"end":{"line":15,"column":1}},"line":10}},"branchMap":{"0":{"loc":{"start":{"line":11,"column":2},"end":{"line":13,"column":3}},"type":"if","locations":[{"start":{"line":11,"column":2},"end":{"line":13,"column":3}},{"start":{},"end":{}}],"line":11},"1":{"loc":{"start":{"line":12,"column":11},"end":{"line":12,"column":71}},"type":"cond-expr","locations":[{"start":{"line":12,"column":33},"end":{"line":12,"column":53}},{"start":{"line":12,"column":56},"end":{"line":12,"column":71}}],"line":12}},"s":{"0":6,"1":4,"2":0,"3":4},"f":{"0":4},"b":{"0":[0,4],"1":[0,0]},"_coverageSchema":"1a1c01bbd47fc00a2c39e90264f33305004495a9","hash":"d47354e3ddcdb72e4f2a0c44f2097be1a1333116"}
,"C:\\Users\\tunii\\Desktop\\js_test_with_cicd\\.internal\\hasUnicode.js": {"path":"C:\\Users\\tunii\\Desktop\\js_test_with_cicd\\.internal\\hasUnicode.js","statementMap":{"0":{"start":{"line":2,"column":22},"end":{"line":2,"column":39}},"1":{"start":{"line":3,"column":26},"end":{"line":3,"column":43}},"2":{"start":{"line":4,"column":30},"end":{"line":4,"column":47}},"3":{"start":{"line":5,"column":28},"end":{"line":5,"column":45}},"4":{"start":{"line":6,"column":34},"end":{"line":6,"column":51}},"5":{"start":{"line":7,"column":36},"end":{"line":7,"column":53}},"6":{"start":{"line":8,"column":21},"end":{"line":8,"column":142}},"7":{"start":{"line":9,"column":19},"end":{"line":9,"column":35}},"8":{"start":{"line":12,"column":14},"end":{"line":12,"column":23}},"9":{"start":{"line":15,"column":21},"end":{"line":15,"column":85}},"10":{"start":{"line":25,"column":2},"end":{"line":25,"column":34}}},"fnMap":{"0":{"name":"hasUnicode","decl":{"start":{"line":24,"column":9},"end":{"line":24,"column":19}},"loc":{"start":{"line":24,"column":28},"end":{"line":26,"column":1}},"line":24}},"branchMap":{},"s":{"0":1,"1":1,"2":1,"3":1,"4":1,"5":1,"6":1,"7":1,"8":1,"9":1,"10":10},"f":{"0":10},"b":{},"_coverageSchema":"1a1c01bbd47fc00a2c39e90264f33305004495a9","hash":"9c7b15dbc1cf31be9cbf451a557acbd26503592f"}
,"C:\\Users\\tunii\\Desktop\\js_test_with_cicd\\.internal\\isIndex.js": {"path":"C:\\Users\\tunii\\Desktop\\js_test_with_cicd\\.internal\\isIndex.js","statementMap":{"0":{"start":{"line":2,"column":25},"end":{"line":2,"column":41}},"1":{"start":{"line":5,"column":17},"end":{"line":5,"column":35}},"2":{"start":{"line":16,"column":15},"end":{"line":16,"column":27}},"3":{"start":{"line":17,"column":2},"end":{"line":17,"column":53}},"4":{"start":{"line":19,"column":2},"end":{"line":22,"column":56}}},"fnMap":{"0":{"name":"isIndex","decl":{"start":{"line":15,"column":9},"end":{"line":15,"column":16}},"loc":{"start":{"line":15,"column":32},"end":{"line":23,"column":1}},"line":15}},"branchMap":{"0":{"loc":{"start":{"line":17,"column":11},"end":{"line":17,"column":53}},"type":"cond-expr","locations":[{"start":{"line":17,"column":28},"end":{"line":17,"column":44}},{"start":{"line":17,"column":47},"end":{"line":17,"column":53}}],"line":17},"1":{"loc":{"start":{"line":19,"column":9},"end":{"line":22,"column":56}},"type":"binary-expr","locations":[{"start":{"line":19,"column":9},"end":{"line":19,"column":17}},{"start":{"line":20,"column":5},"end":{"line":20,"column":22}},{"start":{"line":21,"column":7},"end":{"line":21,"column":24}},{"start":{"line":21,"column":28},"end":{"line":21,"column":48}},{"start":{"line":22,"column":9},"end":{"line":22,"column":19}},{"start":{"line":22,"column":23},"end":{"line":22,"column":37}},{"start":{"line":22,"column":41},"end":{"line":22,"column":55}}],"line":19}},"s":{"0":1,"1":1,"2":0,"3":0,"4":0},"f":{"0":0},"b":{"0":[0,0],"1":[0,0,0,0,0,0,0]},"_coverageSchema":"1a1c01bbd47fc00a2c39e90264f33305004495a9","hash":"340b09f3f13f0ca25108e91f3c5dad1f54464509"}
,"C:\\Users\\tunii\\Desktop\\js_test_with_cicd\\.internal\\isPrototype.js": {"path":"C:\\Users\\tunii\\Desktop\\js_test_with_cicd\\.internal\\isPrototype.js","statementMap":{"0":{"start":{"line":2,"column":20},"end":{"line":2,"column":36}},"1":{"start":{"line":12,"column":15},"end":{"line":12,"column":41}},"2":{"start":{"line":13,"column":16},"end":{"line":13,"column":77}},"3":{"start":{"line":15,"column":2},"end":{"line":15,"column":24}}},"fnMap":{"0":{"name":"isPrototype","decl":{"start":{"line":11,"column":9},"end":{"line":11,"column":20}},"loc":{"start":{"line":11,"column":28},"end":{"line":16,"column":1}},"line":11}},"branchMap":{"0":{"loc":{"start":{"line":12,"column":15},"end":{"line":12,"column":41}},"type":"binary-expr","locations":[{"start":{"line":12,"column":15},"end":{"line":12,"column":20}},{"start":{"line":12,"column":24},"end":{"line":12,"column":41}}],"line":12},"1":{"loc":{"start":{"line":13,"column":16},"end":{"line":13,"column":77}},"type":"binary-expr","locations":[{"start":{"line":13,"column":17},"end":{"line":13,"column":43}},{"start":{"line":13,"column":47},"end":{"line":13,"column":61}},{"start":{"line":13,"column":66},"end":{"line":13,"column":77}}],"line":13}},"s":{"0":1,"1":2,"2":2,"3":2},"f":{"0":2},"b":{"0":[2,2],"1":[2,2,0]},"_coverageSchema":"1a1c01bbd47fc00a2c39e90264f33305004495a9","hash":"e6eb4c6c9efcc40a24fd32e6db4e1b91a0b12a28"}
,"C:\\Users\\tunii\\Desktop\\js_test_with_cicd\\.internal\\nodeTypes.js": {"path":"C:\\Users\\tunii\\Desktop\\js_test_with_cicd\\.internal\\nodeTypes.js","statementMap":{"0":{"start":{"line":4,"column":20},"end":{"line":4,"column":99}},"1":{"start":{"line":7,"column":19},"end":{"line":7,"column":109}},"2":{"start":{"line":10,"column":22},"end":{"line":10,"column":70}},"3":{"start":{"line":13,"column":20},"end":{"line":13,"column":55}},"4":{"start":{"line":16,"column":19},"end":{"line":26,"column":4}},"5":{"start":{"line":17,"column":2},"end":{"line":25,"column":16}},"6":{"start":{"line":20,"column":24},"end":{"line":20,"column":92}},"7":{"start":{"line":21,"column":4},"end":{"line":24,"column":73}}},"fnMap":{"0":{"name":"(anonymous_0)","decl":{"start":{"line":16,"column":20},"end":{"line":16,"column":21}},"loc":{"start":{"line":16,"column":26},"end":{"line":26,"column":1}},"line":16}},"branchMap":{"0":{"loc":{"start":{"line":4,"column":20},"end":{"line":4,"column":99}},"type":"binary-expr","locations":[{"start":{"line":4,"column":20},"end":{"line":4,"column":47}},{"start":{"line":4,"column":51},"end":{"line":4,"column":67}},{"start":{"line":4,"column":71},"end":{"line":4,"column":88}},{"start":{"line":4,"column":92},"end":{"line":4,"column":99}}],"line":4},"1":{"loc":{"start":{"line":7,"column":19},"end":{"line":7,"column":109}},"type":"binary-expr","locations":[{"start":{"line":7,"column":19},"end":{"line":7,"column":30}},{"start":{"line":7,"column":34},"end":{"line":7,"column":60}},{"start":{"line":7,"column":64},"end":{"line":7,"column":79}},{"start":{"line":7,"column":83},"end":{"line":7,"column":99}},{"start":{"line":7,"column":103},"end":{"line":7,"column":109}}],"line":7},"2":{"loc":{"start":{"line":10,"column":22},"end":{"line":10,"column":70}},"type":"binary-expr","locations":[{"start":{"line":10,"column":22},"end":{"line":10,"column":32}},{"start":{"line":10,"column":36},"end":{"line":10,"column":70}}],"line":10},"3":{"loc":{"start":{"line":13,"column":20},"end":{"line":13,"column":55}},"type":"binary-expr","locations":[{"start":{"line":13,"column":20},"end":{"line":13,"column":33}},{"start":{"line":13,"column":37},"end":{"line":13,"column":55}}],"line":13},"4":{"loc":{"start":{"line":20,"column":24},"end":{"line":20,"column":92}},"type":"binary-expr","locations":[{"start":{"line":20,"column":24},"end":{"line":20,"column":34}},{"start":{"line":20,"column":38},"end":{"line":20,"column":56}},{"start":{"line":20,"column":60},"end":{"line":20,"column":92}}],"line":20},"5":{"loc":{"start":{"line":21,"column":11},"end":{"line":24,"column":73}},"type":"cond-expr","locations":[{"start":{"line":22,"column":8},"end":{"line":22,"column":19}},{"start":{"line":24,"column":8},"end":{"line":24,"column":73}}],"line":21},"6":{"loc":{"start":{"line":24,"column":8},"end":{"line":24,"column":73}},"type":"binary-expr","locations":[{"start":{"line":24,"column":8},"end":{"line":24,"column":19}},{"start":{"line":24,"column":23},"end":{"line":24,"column":42}},{"start":{"line":24,"column":46},"end":{"line":24,"column":73}}],"line":24}},"s":{"0":2,"1":2,"2":2,"3":2,"4":2,"5":2,"6":2,"7":2},"f":{"0":2},"b":{"0":[2,2,2,2],"1":[2,2,2,2,2],"2":[2,2],"3":[2,2],"4":[2,2,2],"5":[2,0],"6":[0,0,0]},"_coverageSchema":"1a1c01bbd47fc00a2c39e90264f33305004495a9","hash":"22ed1872e92380a133b0398177ed382a7b511751"}
,"C:\\Users\\tunii\\Desktop\\js_test_with_cicd\\.internal\\root.js": {"path":"C:\\Users\\tunii\\Desktop\\js_test_with_cicd\\.internal\\root.js","statementMap":{"0":{"start":{"line":5,"column":23},"end":{"line":5,"column":121}},"1":{"start":{"line":8,"column":17},"end":{"line":8,"column":92}},"2":{"start":{"line":11,"column":13},"end":{"line":11,"column":82}}},"fnMap":{},"branchMap":{"0":{"loc":{"start":{"line":5,"column":23},"end":{"line":5,"column":121}},"type":"binary-expr","locations":[{"start":{"line":5,"column":23},"end":{"line":5,"column":53}},{"start":{"line":5,"column":57},"end":{"line":5,"column":76}},{"start":{"line":5,"column":80},"end":{"line":5,"column":107}},{"start":{"line":5,"column":111},"end":{"line":5,"column":121}}],"line":5},"1":{"loc":{"start":{"line":8,"column":17},"end":{"line":8,"column":92}},"type":"binary-expr","locations":[{"start":{"line":8,"column":17},"end":{"line":8,"column":41}},{"start":{"line":8,"column":45},"end":{"line":8,"column":58}},{"start":{"line":8,"column":62},"end":{"line":8,"column":84}},{"start":{"line":8,"column":88},"end":{"line":8,"column":92}}],"line":8},"2":{"loc":{"start":{"line":11,"column":13},"end":{"line":11,"column":82}},"type":"binary-expr","locations":[{"start":{"line":11,"column":13},"end":{"line":11,"column":27}},{"start":{"line":11,"column":31},"end":{"line":11,"column":41}},{"start":{"line":11,"column":45},"end":{"line":11,"column":53}},{"start":{"line":11,"column":57},"end":{"line":11,"column":82}}],"line":11}},"s":{"0":2,"1":2,"2":2},"f":{},"b":{"0":[2,2,2,2],"1":[2,0,0,0],"2":[2,0,0,0]},"_coverageSchema":"1a1c01bbd47fc00a2c39e90264f33305004495a9","hash":"67a29c4f3ab9052e6909df8432138dc84807cf20"}
,"C:\\Users\\tunii\\Desktop\\js_test_with_cicd\\.internal\\stringToArray.js": {"path":"C:\\Users\\tunii\\Desktop\\js_test_with_cicd\\.internal\\stringToArray.js","statementMap":{"0":{"start":{"line":13,"column":2},"end":{"line":15,"column":26}}},"fnMap":{"0":{"name":"stringToArray","decl":{"start":{"line":12,"column":9},"end":{"line":12,"column":22}},"loc":{"start":{"line":12,"column":31},"end":{"line":16,"column":1}},"line":12}},"branchMap":{"0":{"loc":{"start":{"line":13,"column":9},"end":{"line":15,"column":26}},"type":"cond-expr","locations":[{"start":{"line":14,"column":6},"end":{"line":14,"column":28}},{"start":{"line":15,"column":6},"end":{"line":15,"column":26}}],"line":13}},"s":{"0":0},"f":{"0":0},"b":{"0":[0,0]},"_coverageSchema":"1a1c01bbd47fc00a2c39e90264f33305004495a9","hash":"f63681ae4eded253473d2eaef3a4cf2e9b476b8e"}
,"C:\\Users\\tunii\\Desktop\\js_test_with_cicd\\.internal\\unicodeToArray.js": {"path":"C:\\Users\\tunii\\Desktop\\js_test_with_cicd\\.internal\\unicodeToArray.js","statementMap":{"0":{"start":{"line":2,"column":22},"end":{"line":2,"column":39}},"1":{"start":{"line":3,"column":26},"end":{"line":3,"column":43}},"2":{"start":{"line":4,"column":30},"end":{"line":4,"column":47}},"3":{"start":{"line":5,"column":28},"end":{"line":5,"column":45}},"4":{"start":{"line":6,"column":34},"end":{"line":6,"column":51}},"5":{"start":{"line":7,"column":36},"end":{"line":7,"column":53}},"6":{"start":{"line":8,"column":21},"end":{"line":8,"column":142}},"7":{"start":{"line":9,"column":19},"end":{"line":9,"column":35}},"8":{"start":{"line":12,"column":17},"end":{"line":12,"column":37}},"9":{"start":{"line":13,"column":16},"end":{"line":13,"column":35}},"10":{"start":{"line":14,"column":15},"end":{"line":14,"column":41}},"11":{"start":{"line":15,"column":19},"end":{"line":15,"column":45}},"12":{"start":{"line":16,"column":20},"end":{"line":16,"column":41}},"13":{"start":{"line":17,"column":19},"end":{"line":17,"column":52}},"14":{"start":{"line":18,"column":19},"end":{"line":18,"column":55}},"15":{"start":{"line":19,"column":14},"end":{"line":19,"column":23}},"16":{"start":{"line":22,"column":17},"end":{"line":22,"column":33}},"17":{"start":{"line":23,"column":17},"end":{"line":23,"column":35}},"18":{"start":{"line":24,"column":18},"end":{"line":24,"column":109}},"19":{"start":{"line":25,"column":14},"end":{"line":25,"column":45}},"20":{"start":{"line":26,"column":25},"end":{"line":26,"column":52}},"21":{"start":{"line":27,"column":17},"end":{"line":27,"column":97}},"22":{"start":{"line":30,"column":18},"end":{"line":30,"column":75}},"23":{"start":{"line":40,"column":2},"end":{"line":40,"column":38}}},"fnMap":{"0":{"name":"unicodeToArray","decl":{"start":{"line":39,"column":9},"end":{"line":39,"column":23}},"loc":{"start":{"line":39,"column":32},"end":{"line":41,"column":1}},"line":39}},"branchMap":{"0":{"loc":{"start":{"line":40,"column":9},"end":{"line":40,"column":38}},"type":"binary-expr","locations":[{"start":{"line":40,"column":9},"end":{"line":40,"column":32}},{"start":{"line":40,"column":36},"end":{"line":40,"column":38}}],"line":40}},"s":{"0":1,"1":1,"2":1,"3":1,"4":1,"5":1,"6":1,"7":1,"8":1,"9":1,"10":1,"11":1,"12":1,"13":1,"14":1,"15":1,"16":1,"17":1,"18":1,"19":1,"20":1,"21":1,"22":1,"23":0},"f":{"0":0},"b":{"0":[0,0]},"_coverageSchema":"1a1c01bbd47fc00a2c39e90264f33305004495a9","hash":"26e667c198eb1f9b321acbf223a6d68923a62617"}
}
