TN:
SF:capitalize.js
FN:17,(anonymous_0)
FNF:1
FNH:1
FNDA:11,(anonymous_0)
DA:17,11
LF:1
LH:1
BRF:0
BRH:0
end_of_record
TN:
SF:castArray.js
FN:33,castArray
FNF:1
FNH:1
FNDA:7,castArray
DA:34,7
DA:35,7
LF:2
LH:2
BRDA:35,0,0,1
BRDA:35,0,1,6
BRF:2
BRH:2
end_of_record
TN:
SF:compact.js
FN:14,compact
FNF:1
FNH:1
FNDA:1,compact
DA:15,1
DA:16,1
DA:18,1
DA:19,6
DA:20,3
DA:23,1
LF:6
LH:6
BRDA:19,0,0,3
BRDA:19,0,1,3
BRF:2
BRH:2
end_of_record
TN:
SF:countBy.js
FN:29,countBy
FN:30,(anonymous_1)
FNF:2
FNH:2
FNDA:2,countBy
FNDA:6,(anonymous_1)
DA:5,1
DA:30,2
DA:31,6
DA:32,6
DA:33,2
DA:35,4
DA:37,6
LF:7
LH:7
BRDA:32,0,0,2
BRDA:32,0,1,4
BRF:2
BRH:2
end_of_record
TN:
SF:filter.js
FN:24,filter
FNF:1
FNH:1
FNDA:7,filter
DA:25,7
DA:26,7
DA:27,7
DA:28,7
DA:30,7
DA:31,22
DA:32,22
DA:33,5
DA:36,7
LF:9
LH:9
BRDA:27,0,0,0
BRDA:27,0,1,7
BRDA:32,1,0,5
BRDA:32,1,1,17
BRF:4
BRH:3
end_of_record
TN:
SF:isArguments.js
FN:19,isArguments
FNF:1
FNH:0
FNDA:0,isArguments
DA:20,0
LF:1
LH:0
BRDA:20,0,0,0
BRDA:20,0,1,0
BRF:2
BRH:0
end_of_record
TN:
SF:isArrayLike.js
FN:26,isArrayLike
FNF:1
FNH:1
FNDA:14,isArrayLike
DA:27,14
LF:1
LH:1
BRDA:27,0,0,14
BRDA:27,0,1,13
BRDA:27,0,2,12
BRF:3
BRH:3
end_of_record
TN:
SF:isBoolean.js
FN:19,isBoolean
FNF:1
FNH:1
FNDA:10,isBoolean
DA:20,10
LF:1
LH:1
BRDA:20,0,0,10
BRDA:20,0,1,9
BRDA:20,0,2,5
BRDA:20,0,3,1
BRF:4
BRH:4
end_of_record
TN:
SF:isBuffer.js
FN:33,(anonymous_0)
FNF:1
FNH:0
FNDA:0,(anonymous_0)
DA:4,2
DA:7,2
DA:10,2
DA:13,2
DA:16,2
DA:33,2
LF:6
LH:6
BRDA:4,0,0,2
BRDA:4,0,1,2
BRDA:4,0,2,2
BRDA:4,0,3,2
BRDA:7,1,0,2
BRDA:7,1,1,2
BRDA:7,1,2,2
BRDA:7,1,3,2
BRDA:7,1,4,2
BRDA:10,2,0,2
BRDA:10,2,1,2
BRDA:13,3,0,2
BRDA:13,3,1,0
BRDA:16,4,0,2
BRDA:16,4,1,0
BRDA:33,5,0,2
BRDA:33,5,1,0
BRF:17
BRH:14
end_of_record
TN:
SF:isEmpty.js
FN:45,isEmpty
FNF:1
FNH:1
FNDA:12,isEmpty
DA:9,1
DA:46,12
DA:47,2
DA:49,10
DA:52,8
DA:54,2
DA:55,2
DA:56,0
DA:58,2
DA:59,0
DA:61,2
DA:62,0
DA:63,0
DA:66,2
LF:14
LH:10
BRDA:46,0,0,2
BRDA:46,0,1,10
BRDA:49,1,0,8
BRDA:49,1,1,2
BRDA:49,2,0,10
BRDA:49,2,1,8
BRDA:49,2,2,3
BRDA:49,2,3,0
BRDA:49,2,4,0
BRDA:49,2,5,0
BRDA:49,2,6,0
BRDA:55,3,0,0
BRDA:55,3,1,2
BRDA:55,4,0,2
BRDA:55,4,1,2
BRDA:58,5,0,0
BRDA:58,5,1,2
BRDA:62,6,0,0
BRDA:62,6,1,0
BRF:19
BRH:11
end_of_record
TN:
SF:isLength.js
FN:28,isLength
FNF:1
FNH:1
FNDA:12,isLength
DA:2,3
DA:29,12
LF:2
LH:2
BRDA:29,0,0,12
BRDA:29,0,1,10
BRDA:29,0,2,10
BRDA:29,0,3,10
BRF:4
BRH:4
end_of_record
TN:
SF:isObject.js
FN:24,isObject
FNF:1
FNH:1
FNDA:8,isObject
DA:25,8
DA:26,8
LF:2
LH:2
BRDA:26,0,0,8
BRDA:26,0,1,8
BRDA:26,0,2,8
BRF:3
BRH:3
end_of_record
TN:
SF:isObjectLike.js
FN:23,isObjectLike
FNF:1
FNH:1
FNDA:5,isObjectLike
DA:24,5
LF:1
LH:1
BRDA:24,0,0,5
BRDA:24,0,1,2
BRF:2
BRH:2
end_of_record
TN:
SF:isSymbol.js
FN:18,isSymbol
FNF:1
FNH:1
FNDA:16,isSymbol
DA:19,16
DA:20,16
LF:2
LH:2
BRDA:20,0,0,16
BRDA:20,0,1,16
BRDA:20,0,2,2
BRDA:20,0,3,1
BRF:4
BRH:4
end_of_record
TN:
SF:isTypedArray.js
FN:27,(anonymous_0)
FN:28,(anonymous_1)
FNF:2
FNH:0
FNDA:0,(anonymous_0)
FNDA:0,(anonymous_1)
DA:6,2
DA:9,2
DA:26,2
DA:27,0
DA:28,0
LF:5
LH:3
BRDA:9,0,0,2
BRDA:9,0,1,2
BRDA:26,1,0,2
BRDA:26,1,1,0
BRDA:28,2,0,0
BRDA:28,2,1,0
BRF:6
BRH:3
end_of_record
TN:
SF:keys.js
FN:31,keys
FNF:1
FNH:0
FNDA:0,keys
DA:32,0
LF:1
LH:0
BRDA:32,0,0,0
BRDA:32,0,1,0
BRF:2
BRH:0
end_of_record
TN:
SF:reduce.js
FN:38,reduce
FNF:1
FNH:1
FNDA:2,reduce
DA:39,2
DA:40,2
DA:41,2
LF:3
LH:3
BRDA:39,0,0,2
BRDA:39,0,1,0
BRF:2
BRH:1
end_of_record
TN:
SF:slice.js
FN:21,slice
FNF:1
FNH:0
FNDA:0,slice
DA:22,0
DA:23,0
DA:24,0
DA:26,0
DA:27,0
DA:29,0
DA:30,0
DA:32,0
DA:33,0
DA:35,0
DA:36,0
DA:38,0
DA:39,0
DA:40,0
DA:41,0
DA:43,0
LF:16
LH:0
BRDA:22,0,0,0
BRDA:22,0,1,0
BRDA:23,1,0,0
BRDA:23,1,1,0
BRDA:26,2,0,0
BRDA:26,2,1,0
BRDA:27,3,0,0
BRDA:27,3,1,0
BRDA:29,4,0,0
BRDA:29,4,1,0
BRDA:30,5,0,0
BRDA:30,5,1,0
BRDA:32,6,0,0
BRDA:32,6,1,0
BRDA:35,7,0,0
BRDA:35,7,1,0
BRF:16
BRH:0
end_of_record
TN:
SF:toNumber.js
FN:44,toNumber
FNF:1
FNH:1
FNDA:12,toNumber
DA:5,1
DA:8,1
DA:11,1
DA:14,1
DA:17,1
DA:20,1
DA:45,12
DA:46,4
DA:48,8
DA:49,0
DA:51,8
DA:52,0
DA:53,0
DA:55,8
DA:56,0
DA:58,8
DA:59,8
DA:60,8
LF:18
LH:14
BRDA:45,0,0,4
BRDA:45,0,1,8
BRDA:48,1,0,0
BRDA:48,1,1,8
BRDA:51,2,0,0
BRDA:51,2,1,8
BRDA:52,3,0,0
BRDA:52,3,1,0
BRDA:53,4,0,0
BRDA:53,4,1,0
BRDA:55,5,0,0
BRDA:55,5,1,8
BRDA:56,6,0,0
BRDA:56,6,1,0
BRDA:60,7,0,0
BRDA:60,7,1,8
BRDA:60,8,0,8
BRDA:60,8,1,8
BRDA:61,9,0,0
BRDA:61,9,1,0
BRDA:62,10,0,0
BRDA:62,10,1,8
BRF:22
BRH:9
end_of_record
TN:
SF:toString.js
FN:25,toString
FN:33,(anonymous_1)
FNF:2
FNH:2
FNDA:18,toString
FNDA:4,(anonymous_1)
DA:4,2
DA:28,18
DA:29,8
DA:31,10
DA:33,4
DA:35,8
DA:36,0
DA:38,8
DA:39,8
LF:9
LH:8
BRDA:28,0,0,8
BRDA:28,0,1,10
BRDA:31,1,0,2
BRDA:31,1,1,8
BRDA:33,2,0,0
BRDA:33,2,1,4
BRDA:35,3,0,0
BRDA:35,3,1,8
BRDA:39,4,0,1
BRDA:39,4,1,7
BRDA:39,5,0,8
BRDA:39,5,1,1
BRF:12
BRH:10
end_of_record
TN:
SF:upperFirst.js
FNF:0
FNH:0
DA:19,1
LF:1
LH:1
BRF:0
BRH:0
end_of_record
TN:
SF:.internal\arrayLikeKeys.js
FN:17,arrayLikeKeys
FNF:1
FNH:0
FNDA:0,arrayLikeKeys
DA:7,1
DA:18,0
DA:19,0
DA:20,0
DA:21,0
DA:22,0
DA:23,0
DA:24,0
DA:25,0
DA:26,0
DA:27,0
DA:29,0
DA:30,0
DA:37,0
DA:40,0
LF:15
LH:1
BRDA:19,0,0,0
BRDA:19,0,1,0
BRDA:20,1,0,0
BRDA:20,1,1,0
BRDA:20,1,2,0
BRDA:21,2,0,0
BRDA:21,2,1,0
BRDA:21,2,2,0
BRDA:21,2,3,0
BRDA:22,3,0,0
BRDA:22,3,1,0
BRDA:22,3,2,0
BRDA:22,3,3,0
BRDA:24,4,0,0
BRDA:24,4,1,0
BRDA:25,5,0,0
BRDA:25,5,1,0
BRDA:30,6,0,0
BRDA:30,6,1,0
BRDA:30,7,0,0
BRDA:30,7,1,0
BRDA:30,7,2,0
BRDA:31,8,0,0
BRDA:31,8,1,0
BRDA:31,8,2,0
BRF:25
BRH:0
end_of_record
TN:
SF:.internal\arrayReduce.js
FN:12,arrayReduce
FNF:1
FNH:1
FNDA:2,arrayReduce
DA:13,2
DA:14,2
DA:16,2
DA:17,0
DA:19,2
DA:20,6
DA:22,2
LF:7
LH:6
BRDA:14,0,0,0
BRDA:14,0,1,2
BRDA:16,1,0,0
BRDA:16,1,1,2
BRDA:16,2,0,2
BRDA:16,2,1,0
BRF:6
BRH:3
end_of_record
TN:
SF:.internal\asciiToArray.js
FN:8,asciiToArray
FNF:1
FNH:0
FNDA:0,asciiToArray
DA:9,0
LF:1
LH:0
BRF:0
BRH:0
end_of_record
TN:
SF:.internal\baseAssignValue.js
FN:10,baseAssignValue
FNF:1
FNH:1
FNDA:4,baseAssignValue
DA:11,4
DA:12,0
DA:19,4
LF:3
LH:2
BRDA:11,0,0,0
BRDA:11,0,1,4
BRF:2
BRH:1
end_of_record
TN:
SF:.internal\baseEach.js
FN:12,baseEach
FNF:1
FNH:0
FNDA:0,baseEach
DA:13,0
DA:14,0
DA:16,0
DA:17,0
DA:19,0
DA:20,0
DA:21,0
DA:23,0
DA:24,0
DA:25,0
DA:28,0
LF:11
LH:0
BRDA:13,0,0,0
BRDA:13,0,1,0
BRDA:16,1,0,0
BRDA:16,1,1,0
BRDA:24,2,0,0
BRDA:24,2,1,0
BRF:6
BRH:0
end_of_record
TN:
SF:.internal\baseFor.js
FN:12,baseFor
FNF:1
FNH:0
FNDA:0,baseFor
DA:13,0
DA:14,0
DA:15,0
DA:16,0
DA:18,0
DA:19,0
DA:20,0
DA:21,0
DA:24,0
LF:9
LH:0
BRDA:20,0,0,0
BRDA:20,0,1,0
BRF:2
BRH:0
end_of_record
TN:
SF:.internal\baseForOwn.js
FN:12,baseForOwn
FNF:1
FNH:0
FNDA:0,baseForOwn
DA:13,0
LF:1
LH:0
BRDA:13,0,0,0
BRDA:13,0,1,0
BRF:2
BRH:0
end_of_record
TN:
SF:.internal\baseReduce.js
FN:14,baseReduce
FN:15,(anonymous_1)
FNF:2
FNH:0
FNDA:0,baseReduce
FNDA:0,(anonymous_1)
DA:15,0
DA:16,0
DA:20,0
LF:3
LH:0
BRDA:16,0,0,0
BRDA:16,0,1,0
BRF:2
BRH:0
end_of_record
TN:
SF:.internal\castSlice.js
FN:12,castSlice
FNF:1
FNH:0
FNDA:0,castSlice
DA:13,0
DA:14,0
DA:15,0
LF:3
LH:0
BRDA:14,0,0,0
BRDA:14,0,1,0
BRDA:15,1,0,0
BRDA:15,1,1,0
BRDA:15,2,0,0
BRDA:15,2,1,0
BRF:6
BRH:0
end_of_record
TN:
SF:.internal\createCaseFirst.js
FN:12,createCaseFirst
FN:13,(anonymous_1)
FNF:2
FNH:2
FNDA:1,createCaseFirst
FNDA:11,(anonymous_1)
DA:13,1
DA:14,11
DA:15,1
DA:18,10
DA:22,10
DA:26,10
DA:30,10
LF:7
LH:7
BRDA:14,0,0,1
BRDA:14,0,1,10
BRDA:18,1,0,0
BRDA:18,1,1,10
BRDA:22,2,0,0
BRDA:22,2,1,10
BRDA:26,3,0,0
BRDA:26,3,1,10
BRF:8
BRH:5
end_of_record
TN:
SF:.internal\freeGlobal.js
FNF:0
FNH:0
DA:2,2
LF:1
LH:1
BRDA:2,0,0,2
BRDA:2,0,1,2
BRDA:2,0,2,2
BRDA:2,0,3,2
BRF:4
BRH:4
end_of_record
TN:
SF:.internal\getTag.js
FN:10,getTag
FNF:1
FNH:1
FNDA:4,getTag
DA:1,6
DA:11,4
DA:12,0
DA:14,4
LF:4
LH:3
BRDA:11,0,0,0
BRDA:11,0,1,4
BRDA:12,1,0,0
BRDA:12,1,1,0
BRF:4
BRH:1
end_of_record
TN:
SF:.internal\hasUnicode.js
FN:24,hasUnicode
FNF:1
FNH:1
FNDA:10,hasUnicode
DA:2,1
DA:3,1
DA:4,1
DA:5,1
DA:6,1
DA:7,1
DA:8,1
DA:9,1
DA:12,1
DA:15,1
DA:25,10
LF:11
LH:11
BRF:0
BRH:0
end_of_record
TN:
SF:.internal\isIndex.js
FN:15,isIndex
FNF:1
FNH:0
FNDA:0,isIndex
DA:2,1
DA:5,1
DA:16,0
DA:17,0
DA:19,0
LF:5
LH:2
BRDA:17,0,0,0
BRDA:17,0,1,0
BRDA:19,1,0,0
BRDA:19,1,1,0
BRDA:19,1,2,0
BRDA:19,1,3,0
BRDA:19,1,4,0
BRDA:19,1,5,0
BRDA:19,1,6,0
BRF:9
BRH:0
end_of_record
TN:
SF:.internal\isPrototype.js
FN:11,isPrototype
FNF:1
FNH:1
FNDA:2,isPrototype
DA:2,1
DA:12,2
DA:13,2
DA:15,2
LF:4
LH:4
BRDA:12,0,0,2
BRDA:12,0,1,2
BRDA:13,1,0,2
BRDA:13,1,1,2
BRDA:13,1,2,0
BRF:5
BRH:4
end_of_record
TN:
SF:.internal\nodeTypes.js
FN:16,(anonymous_0)
FNF:1
FNH:1
FNDA:2,(anonymous_0)
DA:4,2
DA:7,2
DA:10,2
DA:13,2
DA:16,2
DA:17,2
DA:20,2
DA:21,2
LF:8
LH:8
BRDA:4,0,0,2
BRDA:4,0,1,2
BRDA:4,0,2,2
BRDA:4,0,3,2
BRDA:7,1,0,2
BRDA:7,1,1,2
BRDA:7,1,2,2
BRDA:7,1,3,2
BRDA:7,1,4,2
BRDA:10,2,0,2
BRDA:10,2,1,2
BRDA:13,3,0,2
BRDA:13,3,1,2
BRDA:20,4,0,2
BRDA:20,4,1,2
BRDA:20,4,2,2
BRDA:21,5,0,2
BRDA:21,5,1,0
BRDA:24,6,0,0
BRDA:24,6,1,0
BRDA:24,6,2,0
BRF:21
BRH:17
end_of_record
TN:
SF:.internal\root.js
FNF:0
FNH:0
DA:5,2
DA:8,2
DA:11,2
LF:3
LH:3
BRDA:5,0,0,2
BRDA:5,0,1,2
BRDA:5,0,2,2
BRDA:5,0,3,2
BRDA:8,1,0,2
BRDA:8,1,1,0
BRDA:8,1,2,0
BRDA:8,1,3,0
BRDA:11,2,0,2
BRDA:11,2,1,0
BRDA:11,2,2,0
BRDA:11,2,3,0
BRF:12
BRH:6
end_of_record
TN:
SF:.internal\stringToArray.js
FN:12,stringToArray
FNF:1
FNH:0
FNDA:0,stringToArray
DA:13,0
LF:1
LH:0
BRDA:13,0,0,0
BRDA:13,0,1,0
BRF:2
BRH:0
end_of_record
TN:
SF:.internal\unicodeToArray.js
FN:39,unicodeToArray
FNF:1
FNH:0
FNDA:0,unicodeToArray
DA:2,1
DA:3,1
DA:4,1
DA:5,1
DA:6,1
DA:7,1
DA:8,1
DA:9,1
DA:12,1
DA:13,1
DA:14,1
DA:15,1
DA:16,1
DA:17,1
DA:18,1
DA:19,1
DA:22,1
DA:23,1
DA:24,1
DA:25,1
DA:26,1
DA:27,1
DA:30,1
DA:40,0
LF:24
LH:23
BRDA:40,0,0,0
BRDA:40,0,1,0
BRF:2
BRH:0
end_of_record
